2019-09-20 10:42:00.5988|INFO|Microsoft.AspNetCore.DataProtection.KeyManagement.XmlKeyManager|User profile is available. Using 'C:\Users\Kenni\AppData\Local\ASP.NET\DataProtection-Keys' as key repository and Windows DPAPI to encrypt keys at rest.
2019-09-20 10:42:02.1815|INFO|Microsoft.AspNetCore.Hosting.Internal.WebHost|Request starting HTTP/2.0 GET https://localhost:44326/  
2019-09-20 10:42:02.2851|INFO|Microsoft.AspNetCore.Routing.EndpointMiddleware|Executing endpoint 'Page: /Index'
2019-09-20 10:42:02.4030|INFO|Microsoft.AspNetCore.Mvc.RazorPages.Internal.PageActionInvoker|Route matched with {page = "/Index"}. Executing page /Index
2019-09-20 10:42:02.4324|INFO|Microsoft.AspNetCore.Mvc.RazorPages.Internal.PageActionInvoker|Executing handler method Soelvkikkert.Pages.IndexModel.OnGet - ModelState is Valid
2019-09-20 10:42:02.4324|INFO|Microsoft.AspNetCore.Mvc.RazorPages.Internal.PageActionInvoker|Executed handler method OnGet, returned result .
2019-09-20 10:42:02.4324|INFO|Microsoft.AspNetCore.Mvc.RazorPages.Internal.PageActionInvoker|Executing an implicit handler method - ModelState is Valid
2019-09-20 10:42:02.4324|INFO|Microsoft.AspNetCore.Mvc.RazorPages.Internal.PageActionInvoker|Executed an implicit handler method, returned result Microsoft.AspNetCore.Mvc.RazorPages.PageResult.
2019-09-20 10:42:02.6962|INFO|Microsoft.AspNetCore.Mvc.RazorPages.Internal.PageActionInvoker|Executed page /Index in 288.5142ms
2019-09-20 10:42:02.7017|INFO|Microsoft.AspNetCore.Routing.EndpointMiddleware|Executed endpoint 'Page: /Index'
2019-09-20 10:42:02.7017|INFO|Microsoft.AspNetCore.Hosting.Internal.WebHost|Request finished in 529.2247ms 200 text/html; charset=utf-8
2019-09-20 10:42:03.0345|INFO|Microsoft.AspNetCore.Hosting.Internal.WebHost|Request starting HTTP/2.0 GET https://localhost:44326/lib/jquery/dist/jquery.js  
2019-09-20 10:42:03.0532|INFO|Microsoft.AspNetCore.Hosting.Internal.WebHost|Request starting HTTP/2.0 GET https://localhost:44326/css/site.css  
2019-09-20 10:42:03.1200|INFO|Microsoft.AspNetCore.Hosting.Internal.WebHost|Request starting HTTP/2.0 GET https://localhost:44326/lib/bootstrap/dist/css/bootstrap.css  
2019-09-20 10:42:03.1200|INFO|Microsoft.AspNetCore.StaticFiles.StaticFileMiddleware|Sending file. Request path: '/css/site.css'. Physical path: 'C:\Users\Kenni\Desktop\Soelvkikkert\Soelvkikkert\wwwroot\css\site.css'
2019-09-20 10:42:03.1384|INFO|Microsoft.AspNetCore.Hosting.Internal.WebHost|Request finished in 92.6034ms 200 text/css
2019-09-20 10:42:03.1384|INFO|Microsoft.AspNetCore.Hosting.Internal.WebHost|Request starting HTTP/2.0 GET https://localhost:44326/Images/Soelvkikkert.png  
2019-09-20 10:42:03.2545|INFO|Microsoft.AspNetCore.StaticFiles.StaticFileMiddleware|Sending file. Request path: '/lib/bootstrap/dist/css/bootstrap.css'. Physical path: 'C:\Users\Kenni\Desktop\Soelvkikkert\Soelvkikkert\wwwroot\lib\bootstrap\dist\css\bootstrap.css'
2019-09-20 10:42:03.2545|INFO|Microsoft.AspNetCore.Hosting.Internal.WebHost|Request finished in 135.6231ms 200 text/css
2019-09-20 10:42:03.2689|INFO|Microsoft.AspNetCore.StaticFiles.StaticFileMiddleware|Sending file. Request path: '/lib/jquery/dist/jquery.js'. Physical path: 'C:\Users\Kenni\Desktop\Soelvkikkert\Soelvkikkert\wwwroot\lib\jquery\dist\jquery.js'
2019-09-20 10:42:03.3011|INFO|Microsoft.AspNetCore.Hosting.Internal.WebHost|Request finished in 268.9295ms 200 application/javascript
2019-09-20 10:42:03.5117|INFO|Microsoft.AspNetCore.StaticFiles.StaticFileMiddleware|Sending file. Request path: '/Images/Soelvkikkert.png'. Physical path: 'C:\Users\Kenni\Desktop\Soelvkikkert\Soelvkikkert\wwwroot\Images\Soelvkikkert.png'
2019-09-20 10:42:03.5117|INFO|Microsoft.AspNetCore.Hosting.Internal.WebHost|Request finished in 361.9603ms 200 image/png
2019-09-20 10:42:03.7327|INFO|Microsoft.AspNetCore.Hosting.Internal.WebHost|Request starting HTTP/2.0 GET https://localhost:44326/lib/bootstrap/dist/js/bootstrap.bundle.js  
2019-09-20 10:42:03.7327|INFO|Microsoft.AspNetCore.Hosting.Internal.WebHost|Request starting HTTP/2.0 GET https://localhost:44326/js/site.js?v=dLGP40S79Xnx6GqUthRF6NWvjvhQ1nOvdVSwaNcgG18  
2019-09-20 10:42:03.7327|INFO|Microsoft.AspNetCore.StaticFiles.StaticFileMiddleware|Sending file. Request path: '/js/site.js'. Physical path: 'C:\Users\Kenni\Desktop\Soelvkikkert\Soelvkikkert\wwwroot\js\site.js'
2019-09-20 10:42:03.7455|INFO|Microsoft.AspNetCore.Hosting.Internal.WebHost|Request finished in 4.9046ms 200 application/javascript
2019-09-20 10:42:03.7455|INFO|Microsoft.AspNetCore.StaticFiles.StaticFileMiddleware|Sending file. Request path: '/lib/bootstrap/dist/js/bootstrap.bundle.js'. Physical path: 'C:\Users\Kenni\Desktop\Soelvkikkert\Soelvkikkert\wwwroot\lib\bootstrap\dist\js\bootstrap.bundle.js'
2019-09-20 10:42:03.7625|INFO|Microsoft.AspNetCore.Hosting.Internal.WebHost|Request finished in 29.8475ms 200 application/javascript
2019-09-20 10:42:04.2882|INFO|Microsoft.AspNetCore.Hosting.Internal.WebHost|Request starting HTTP/2.0 GET https://localhost:44326/favicon.ico  
2019-09-20 10:42:04.2975|INFO|Microsoft.AspNetCore.StaticFiles.StaticFileMiddleware|Sending file. Request path: '/favicon.ico'. Physical path: 'C:\Users\Kenni\Desktop\Soelvkikkert\Soelvkikkert\wwwroot\favicon.ico'
2019-09-20 10:42:04.2975|INFO|Microsoft.AspNetCore.Hosting.Internal.WebHost|Request finished in 11.5591ms 200 image/x-icon
2019-09-20 10:42:59.5047|INFO|Microsoft.AspNetCore.Hosting.Internal.WebHost|Request starting HTTP/2.0 GET https://localhost:44326/Administrator  
2019-09-20 10:42:59.5192|INFO|Microsoft.AspNetCore.Routing.EndpointMiddleware|Executing endpoint 'Page: /Administrator'
2019-09-20 10:42:59.5982|INFO|Microsoft.AspNetCore.Mvc.RazorPages.Internal.PageActionInvoker|Route matched with {page = "/Administrator"}. Executing page /Administrator
2019-09-20 10:42:59.5982|INFO|Microsoft.AspNetCore.Mvc.RazorPages.Internal.PageActionInvoker|Executing handler method Soelvkikkert.Pages.AdministratorModel.OnGet - ModelState is Valid
2019-09-20 10:42:59.5982|INFO|Microsoft.AspNetCore.Mvc.RazorPages.Internal.PageActionInvoker|Executed handler method OnGet, returned result .
2019-09-20 10:42:59.5982|INFO|Microsoft.AspNetCore.Mvc.RazorPages.Internal.PageActionInvoker|Executing an implicit handler method - ModelState is Valid
2019-09-20 10:42:59.5982|INFO|Microsoft.AspNetCore.Mvc.RazorPages.Internal.PageActionInvoker|Executed an implicit handler method, returned result Microsoft.AspNetCore.Mvc.RazorPages.PageResult.
2019-09-20 10:42:59.6122|INFO|Microsoft.AspNetCore.Mvc.RazorPages.Internal.PageActionInvoker|Executed page /Administrator in 13.2936ms
2019-09-20 10:42:59.6122|INFO|Microsoft.AspNetCore.Routing.EndpointMiddleware|Executed endpoint 'Page: /Administrator'
2019-09-20 10:42:59.6122|INFO|Microsoft.AspNetCore.Hosting.Internal.WebHost|Request finished in 110.8019ms 200 text/html; charset=utf-8
2019-09-20 10:43:03.2518|INFO|Microsoft.AspNetCore.Hosting.Internal.WebHost|Request starting HTTP/2.0 GET https://localhost:44326/Administrator/create  
2019-09-20 10:43:03.2955|INFO|Microsoft.AspNetCore.Hosting.Internal.WebHost|Request finished in 43.9491ms 404 
